<?xml version="1.0" encoding="UTF-8"?>
<testsuite xmlns:xsi="http://www.w3.org/2001/XMLSchema-instance" xsi:schemaLocation="https://maven.apache.org/surefire/maven-surefire-plugin/xsd/surefire-test-report.xsd" name="util.AssertionTest" time="0.409" tests="59" errors="0" skipped="0" failures="0">
  <properties>
[...]
</properties>
  <testcase name="testNotEmptyNestedArrayNull" classname="util.AssertionTest" time="0.197"/>
  <testcase name="testValidSizePositive" classname="util.AssertionTest" time="0.004"/>
  <testcase name="testNotNullStringArrayContainsNull" classname="util.AssertionTest" time="0.002"/>
  <testcase name="testNotEmptyNestedCollection" classname="util.AssertionTest" time="0.011"/>
  <testcase name="testValidSizeNegative" classname="util.AssertionTest" time="0.002"/>
  <testcase name="testNotEmptyObjectNull" classname="util.AssertionTest" time="0"/>
  <testcase name="testNotNullObject" classname="util.AssertionTest" time="0.001"/>
  <testcase name="testNotNullStringNull" classname="util.AssertionTest" time="0.001"/>
  <testcase name="testNotNullString" classname="util.AssertionTest" time="0.004"/>
  <testcase name="testNotNullNestedArrayContainsNull" classname="util.AssertionTest" time="0.001"/>
  <testcase name="testNotNullNestedCollectionContainsNull" classname="util.AssertionTest" time="0"/>
  <testcase name="testNotNullDeepNestedCollectionContainsNullInDepth" classname="util.AssertionTest" time="0.001"/>
  <testcase name="testNotNullNestedArray" classname="util.AssertionTest" time="0"/>
  <testcase name="testNotNullStringArray" classname="util.AssertionTest" time="0.007"/>
  <testcase name="testNotNullDeepNestedCollectionNull" classname="util.AssertionTest" time="0"/>
  <testcase name="testNotNullStringWhite" classname="util.AssertionTest" time="0"/>
  <testcase name="testNotNullStringCollectionContainsNull" classname="util.AssertionTest" time="0.001"/>
  <testcase name="testNotNullNestedCollectionContainsNullInDepth" classname="util.AssertionTest" time="0"/>
  <testcase name="testNotEmptyNestedArrayContainsEmptyStringInDepth" classname="util.AssertionTest" time="0"/>
  <testcase name="testNotNullDeepNestedCollection" classname="util.AssertionTest" time="0.001"/>
  <testcase name="testNotEmptyDeepNestedCollection" classname="util.AssertionTest" time="0.001"/>
  <testcase name="testNotNullNestedCollectionNull" classname="util.AssertionTest" time="0.001"/>
  <testcase name="testNotEmptyNestedCollectionNull" classname="util.AssertionTest" time="0.001"/>
  <testcase name="testNotNullFixedLengthList" classname="util.AssertionTest" time="0"/>
  <testcase name="testNotNullNestedArrayContainsNullInDepth" classname="util.AssertionTest" time="0.001"/>
  <testcase name="testNotNullDeepNestedCollectionContainsNull" classname="util.AssertionTest" time="0.001"/>
  <testcase name="testNotNullDeepNestedCollectionContainsNullinMidLevel" classname="util.AssertionTest" time="0"/>
  <testcase name="testNotEmptyStringNull" classname="util.AssertionTest" time="0.001"/>
  <testcase name="testNotEmptyDeepNestedCollectionNull" classname="util.AssertionTest" time="0.001"/>
  <testcase name="testNotNullStringCollection" classname="util.AssertionTest" time="0"/>
  <testcase name="testNotNullFixedLengthListContainsNull" classname="util.AssertionTest" time="0.001"/>
  <testcase name="testNotEmptyFixedLengthListContainsNull" classname="util.AssertionTest" time="0"/>
  <testcase name="testNotEmptyFixedLengthList" classname="util.AssertionTest" time="0"/>
  <testcase name="testNotEmptyNestedCollectionContainsNullInDepth" classname="util.AssertionTest" time="0.001"/>
  <testcase name="testNotEmptyNestedCollectionContainsNull" classname="util.AssertionTest" time="0"/>
  <testcase name="testNotEmptyDeepNestedCollectionContainsNullinMidLevel" classname="util.AssertionTest" time="0.001"/>
  <testcase name="testNotEmptyStringCollection" classname="util.AssertionTest" time="0"/>
  <testcase name="testNotNullNestedCollectionContainsEmptyStringInDepth" classname="util.AssertionTest" time="0.001"/>
  <testcase name="testNotEmptyStringCollectionContainsNull" classname="util.AssertionTest" time="0"/>
  <testcase name="testNotNullStringArrayNull" classname="util.AssertionTest" time="0.001"/>
  <testcase name="testNotNullStringCollectionNull" classname="util.AssertionTest" time="0.001"/>
  <testcase name="testNotEmptyStringCollectionNull" classname="util.AssertionTest" time="0"/>
  <testcase name="testNotNullObjectNull" classname="util.AssertionTest" time="0.001"/>
  <testcase name="testNotEmptyNestedCollectionContainsEmptyStringInDepth" classname="util.AssertionTest" time="0.001"/>
  <testcase name="testNotEmptyNestedArrayContainsNullInDepth" classname="util.AssertionTest" time="0"/>
  <testcase name="testNotEmptyObject" classname="util.AssertionTest" time="0"/>
  <testcase name="testNotEmptyNestedArray" classname="util.AssertionTest" time="0"/>
  <testcase name="testNotEmptyString" classname="util.AssertionTest" time="0"/>
  <testcase name="testNotEmptyStringArrayNull" classname="util.AssertionTest" time="0.001"/>
  <testcase name="testNotNullNestedArrayNull" classname="util.AssertionTest" time="0"/>
  <testcase name="testNotEmptyStringArrayContainsNull" classname="util.AssertionTest" time="0"/>
  <testcase name="testNotEmptyStringArray" classname="util.AssertionTest" time="0"/>
  <testcase name="testNotEmptyStringWhite" classname="util.AssertionTest" time="0"/>
  <testcase name="testNotEmptyDeepNestedCollectionContainsNull" classname="util.AssertionTest" time="0.005"/>
  <testcase name="testNotNullNestedCollection" classname="util.AssertionTest" time="0"/>
  <testcase name="testNotNullNestedArrayContainsEmptyStringInDepth" classname="util.AssertionTest" time="0"/>
  <testcase name="testValidSizeZero" classname="util.AssertionTest" time="0.001"/>
  <testcase name="testNotEmptyDeepNestedCollectionContainsNullInDepth" classname="util.AssertionTest" time="0.001"/>
  <testcase name="testNotEmptyNestedArrayContainsNull" classname="util.AssertionTest" time="0"/>
</testsuite>